# JRE version: OpenJDK Runtime Environment Temurin-17.0.7+7 (17.0.7+7) (build 17.0.7+7)
# Java VM: OpenJDK 64-Bit Server VM Temurin-17.0.7+7 (17.0.7+7, mixed mode, tiered, compressed oops, compressed class ptrs, g1 gc, windows-amd64)
GC Precious Log:
 CPUs: 12 total, 12 available
 Memory: 5989M
 Large Page Support: Disabled
 NUMA Support: Disabled
 Compressed Oops: Enabled (32-bit)
 Heap Region Size: 1M
 Heap Min Capacity: 8M
 Heap Initial Capacity: 94M
 Heap Max Capacity: 1498M
 Pre-touch: Disabled
 Parallel Workers: 10
 Concurrent Workers: 3
 Concurrent Refinement Workers: 10
 Periodic GC: Disabled
Heap:
 garbage-first heap   total 37888K, used 27790K [0x00000000a2600000, 0x0000000100000000)
  region size 1024K, 9 young (9216K), 1 survivors (1024K)
 Metaspace       used 55083K, committed 55616K, reserved 1114112K
  class space    used 6783K, committed 7040K, reserved 1048576K
GC Heap History (20 events):
Event: 2.827 GC heap before
{Heap before GC invocations=6 (full 0):
 garbage-first heap   total 37888K, used 26972K [0x00000000a2600000, 0x0000000100000000)
  region size 1024K, 17 young (17408K), 2 survivors (2048K)
 Metaspace       used 29294K, committed 29568K, reserved 1114112K
  class space    used 3307K, committed 3456K, reserved 1048576K
}
Event: 2.830 GC heap after
{Heap after GC invocations=7 (full 0):
 garbage-first heap   total 37888K, used 13666K [0x00000000a2600000, 0x0000000100000000)
  region size 1024K, 3 young (3072K), 3 survivors (3072K)
 Metaspace       used 29294K, committed 29568K, reserved 1114112K
  class space    used 3307K, committed 3456K, reserved 1048576K
}
Event: 3.306 GC heap before
{Heap before GC invocations=7 (full 0):
 garbage-first heap   total 37888K, used 28002K [0x00000000a2600000, 0x0000000100000000)
  region size 1024K, 17 young (17408K), 3 survivors (3072K)
 Metaspace       used 31602K, committed 31936K, reserved 1114112K
  class space    used 3644K, committed 3776K, reserved 1048576K
}
Event: 3.310 GC heap after
{Heap after GC invocations=8 (full 0):
 garbage-first heap   total 37888K, used 14988K [0x00000000a2600000, 0x0000000100000000)
  region size 1024K, 3 young (3072K), 3 survivors (3072K)
 Metaspace       used 31602K, committed 31936K, reserved 1114112K
  class space    used 3644K, committed 3776K, reserved 1048576K
}
Event: 3.804 GC heap before
{Heap before GC invocations=8 (full 0):
 garbage-first heap   total 37888K, used 28300K [0x00000000a2600000, 0x0000000100000000)
  region size 1024K, 16 young (16384K), 3 survivors (3072K)
 Metaspace       used 33981K, committed 34368K, reserved 1114112K
  class space    used 4027K, committed 4224K, reserved 1048576K
}
Event: 3.808 GC heap after
{Heap after GC invocations=9 (full 0):
 garbage-first heap   total 37888K, used 16436K [0x00000000a2600000, 0x0000000100000000)
  region size 1024K, 2 young (2048K), 2 survivors (2048K)
 Metaspace       used 33981K, committed 34368K, reserved 1114112K
  class space    used 4027K, committed 4224K, reserved 1048576K
}
Event: 4.090 GC heap before
{Heap before GC invocations=9 (full 0):
 garbage-first heap   total 37888K, used 21556K [0x00000000a2600000, 0x0000000100000000)
  region size 1024K, 8 young (8192K), 2 survivors (2048K)
 Metaspace       used 35601K, committed 35968K, reserved 1114112K
  class space    used 4199K, committed 4352K, reserved 1048576K
}
Event: 4.092 GC heap after
{Heap after GC invocations=10 (full 0):
 garbage-first heap   total 37888K, used 17093K [0x00000000a2600000, 0x0000000100000000)
  region size 1024K, 1 young (1024K), 1 survivors (1024K)
 Metaspace       used 35601K, committed 35968K, reserved 1114112K
  class space    used 4199K, committed 4352K, reserved 1048576K
}
Event: 4.457 GC heap before
{Heap before GC invocations=11 (full 0):
 garbage-first heap   total 37888K, used 29381K [0x00000000a2600000, 0x0000000100000000)
  region size 1024K, 13 young (13312K), 1 survivors (1024K)
 Metaspace       used 37522K, committed 38016K, reserved 1114112K
  class space    used 4434K, committed 4672K, reserved 1048576K
}
Event: 4.459 GC heap after
{Heap after GC invocations=12 (full 0):
 garbage-first heap   total 37888K, used 17768K [0x00000000a2600000, 0x0000000100000000)
  region size 1024K, 2 young (2048K), 2 survivors (2048K)
 Metaspace       used 37522K, committed 38016K, reserved 1114112K
  class space    used 4434K, committed 4672K, reserved 1048576K
}
Event: 4.799 GC heap before
{Heap before GC invocations=12 (full 0):
 garbage-first heap   total 37888K, used 28008K [0x00000000a2600000, 0x0000000100000000)
  region size 1024K, 13 young (13312K), 2 survivors (2048K)
 Metaspace       used 39629K, committed 40064K, reserved 1114112K
  class space    used 4718K, committed 4928K, reserved 1048576K
}
Event: 4.801 GC heap after
{Heap after GC invocations=13 (full 0):
 garbage-first heap   total 37888K, used 18404K [0x00000000a2600000, 0x0000000100000000)
  region size 1024K, 2 young (2048K), 2 survivors (2048K)
 Metaspace       used 39629K, committed 40064K, reserved 1114112K
  class space    used 4718K, committed 4928K, reserved 1048576K
}
Event: 5.123 GC heap before
{Heap before GC invocations=13 (full 0):
 garbage-first heap   total 37888K, used 29668K [0x00000000a2600000, 0x0000000100000000)
  region size 1024K, 13 young (13312K), 2 survivors (2048K)
 Metaspace       used 42568K, committed 42944K, reserved 1114112K
  class space    used 5178K, committed 5376K, reserved 1048576K
}
Event: 5.125 GC heap after
{Heap after GC invocations=14 (full 0):
 garbage-first heap   total 37888K, used 18860K [0x00000000a2600000, 0x0000000100000000)
  region size 1024K, 2 young (2048K), 2 survivors (2048K)
 Metaspace       used 42568K, committed 42944K, reserved 1114112K
  class space    used 5178K, committed 5376K, reserved 1048576K
}
Event: 5.404 GC heap before
{Heap before GC invocations=15 (full 0):
 garbage-first heap   total 37888K, used 28076K [0x00000000a2600000, 0x0000000100000000)
  region size 1024K, 12 young (12288K), 2 survivors (2048K)
 Metaspace       used 45528K, committed 46016K, reserved 1114112K
  class space    used 5572K, committed 5824K, reserved 1048576K
}
Event: 5.406 GC heap after
{Heap after GC invocations=16 (full 0):
 garbage-first heap   total 37888K, used 19772K [0x00000000a2600000, 0x0000000100000000)
  region size 1024K, 2 young (2048K), 2 survivors (2048K)
 Metaspace       used 45528K, committed 46016K, reserved 1114112K
  class space    used 5572K, committed 5824K, reserved 1048576K
}
Event: 5.897 GC heap before
{Heap before GC invocations=16 (full 0):
 garbage-first heap   total 37888K, used 28988K [0x00000000a2600000, 0x0000000100000000)
  region size 1024K, 12 young (12288K), 2 survivors (2048K)
 Metaspace       used 51796K, committed 52288K, reserved 1114112K
  class space    used 6333K, committed 6592K, reserved 1048576K
}
Event: 5.899 GC heap after
{Heap after GC invocations=17 (full 0):
 garbage-first heap   total 37888K, used 20923K [0x00000000a2600000, 0x0000000100000000)
  region size 1024K, 2 young (2048K), 2 survivors (2048K)
 Metaspace       used 51796K, committed 52288K, reserved 1114112K
  class space    used 6333K, committed 6592K, reserved 1048576K
}
Event: 6.086 GC heap before
{Heap before GC invocations=18 (full 0):
 garbage-first heap   total 37888K, used 29115K [0x00000000a2600000, 0x0000000100000000)
  region size 1024K, 11 young (11264K), 2 survivors (2048K)
 Metaspace       used 53691K, committed 54208K, reserved 1114112K
  class space    used 6613K, committed 6848K, reserved 1048576K
}
Event: 6.089 GC heap after
{Heap after GC invocations=19 (full 0):
 garbage-first heap   total 37888K, used 21646K [0x00000000a2600000, 0x0000000100000000)
  region size 1024K, 1 young (1024K), 1 survivors (1024K)
 Metaspace       used 53691K, committed 54208K, reserved 1114112K
  class space    used 6613K, committed 6848K, reserved 1048576K
}

